c:\users\destiny otto\source\repos\libararymanagementsystem\libararymanagementsystem\x64\release\vc145.pdb
c:\users\destiny otto\source\repos\libararymanagementsystem\libararymanagementsystem\x64\release\user.obj
c:\users\destiny otto\source\repos\libararymanagementsystem\libararymanagementsystem\x64\release\person.obj
c:\users\destiny otto\source\repos\libararymanagementsystem\libararymanagementsystem\x64\release\member.obj
c:\users\destiny otto\source\repos\libararymanagementsystem\libararymanagementsystem\x64\release\book.obj
c:\users\destiny otto\source\repos\libararymanagementsystem\libararymanagementsystem\x64\release\library.obj
c:\users\destiny otto\source\repos\libararymanagementsystem\libararymanagementsystem\x64\release\main.obj
c:\users\destiny otto\source\repos\libararymanagementsystem\x64\release\libararymanagementsystem.exe
c:\users\destiny otto\source\repos\libararymanagementsystem\x64\release\libararymanagementsystem.pdb
c:\users\destiny otto\source\repos\libararymanagementsystem\libararymanagementsystem\x64\release\libararymanagementsystem.ipdb
c:\users\destiny otto\source\repos\libararymanagementsystem\libararymanagementsystem\x64\release\libararymanagementsystem.iobj
c:\users\destiny otto\source\repos\libararymanagementsystem\libararymanagementsystem\x64\release\libararymanagementsystem.obj
c:\users\destiny otto\source\repos\libararymanagementsystem\libararymanagementsystem\x64\release\libarary.bd367080.tlog\cl.command.1.tlog
c:\users\destiny otto\source\repos\libararymanagementsystem\libararymanagementsystem\x64\release\libarary.bd367080.tlog\cl.items.tlog
c:\users\destiny otto\source\repos\libararymanagementsystem\libararymanagementsystem\x64\release\libarary.bd367080.tlog\cl.read.1.tlog
c:\users\destiny otto\source\repos\libararymanagementsystem\libararymanagementsystem\x64\release\libarary.bd367080.tlog\cl.write.1.tlog
c:\users\destiny otto\source\repos\libararymanagementsystem\libararymanagementsystem\x64\release\libarary.bd367080.tlog\link.command.1.tlog
c:\users\destiny otto\source\repos\libararymanagementsystem\libararymanagementsystem\x64\release\libarary.bd367080.tlog\link.read.1.tlog
c:\users\destiny otto\source\repos\libararymanagementsystem\libararymanagementsystem\x64\release\libarary.bd367080.tlog\link.secondary.1.tlog
c:\users\destiny otto\source\repos\libararymanagementsystem\libararymanagementsystem\x64\release\libarary.bd367080.tlog\link.write.1.tlog
